-------------------------------------------------------------------------------
Test set: com.alibaba.json.bvt.issue_2700.Issue2784
-------------------------------------------------------------------------------
Tests run: 8, Failures: 1, Errors: 0, Skipped: 0, Time elapsed: 0.001 s <<< FAILURE! - in com.alibaba.json.bvt.issue_2700.Issue2784
com.alibaba.json.bvt.issue_2700.Issue2784.test_for_issue  Time elapsed: 0 s  <<< FAILURE!
junit.framework.AssertionFailedError: expected:<2021-12-14T14:43:30.906354> but was:<2021-12-14T14:43:30.906>
	at com.alibaba.json.bvt.issue_2700.Issue2784.test_for_issue(Issue2784.java:21)

